[2026-05-12T19:52:09.125Z] --- LEAD SUBMISSION START (DIRECT SQL) ---
[2026-05-12T19:52:09.194Z] FORM DATA RECEIVED: {"name":"est Lead1","phone":"234567890t","email":"est@example.com","budget":"","message":""}
[2026-05-12T19:52:09.207Z] VALIDATING EMAIL: est@example.com
[2026-05-12T19:52:09.605Z] DB WRITE START - Table: leads (with Retries)
[2026-05-12T19:52:10.305Z] DB WRITE SUCCESS
[2026-05-12T19:52:10.311Z] REVALIDATING ADMIN PATH...
[2026-05-12T19:52:10.358Z] --- LEAD SUBMISSION COMPLETE ---
[2026-05-12T20:07:28.350Z] --- LEAD SUBMISSION START (DIRECT SQL) ---
[2026-05-12T20:07:28.352Z] FORM DATA RECEIVED: {"name":"jack","phone":"9876543210","email":"test2@example.com","budget":"50L-1Cr","message":""}
[2026-05-12T20:07:28.353Z] VALIDATING EMAIL: test2@example.com
[2026-05-12T20:07:28.366Z] DB WRITE START - Table: leads (with Retries)
[2026-05-12T20:07:28.570Z] DB WRITE SUCCESS
[2026-05-12T20:07:28.571Z] REVALIDATING ADMIN PATH...
[2026-05-12T20:07:28.575Z] --- LEAD SUBMISSION COMPLETE ---
[2026-05-14T04:58:49.742Z] --- LEAD SUBMISSION START (DIRECT SQL) ---
[2026-05-14T04:58:49.744Z] FORM DATA RECEIVED: {"name":"vishnu_ official","phone":"8677675437","email":"jayavishnu2852@gmail.com","budget":"50L-1Cr","message":""}
[2026-05-14T04:58:49.745Z] VALIDATING EMAIL: jayavishnu2852@gmail.com
[2026-05-14T04:58:49.762Z] DB WRITE START - Table: leads (with Retries)
[2026-05-14T04:58:51.302Z] DB WRITE SUCCESS
[2026-05-14T04:58:51.304Z] REVALIDATING ADMIN PATH...
[2026-05-14T04:58:51.307Z] --- LEAD SUBMISSION COMPLETE ---
[2026-05-14T08:59:18.094Z] --- LEAD SUBMISSION START (DIRECT SQL) ---
[2026-05-14T08:59:18.097Z] FORM DATA RECEIVED: {"name":"Mr Jack","phone":"8677675437","email":"mrj94926@gmail.com","budget":"1Cr-2Cr","message":""}
[2026-05-14T08:59:18.099Z] VALIDATING EMAIL: mrj94926@gmail.com
[2026-05-14T08:59:18.110Z] DB WRITE START - Table: leads (with Retries)
[2026-05-14T08:59:18.840Z] DB WRITE SUCCESS
[2026-05-14T08:59:18.841Z] REVALIDATING ADMIN PATH...
[2026-05-14T08:59:18.845Z] --- LEAD SUBMISSION COMPLETE ---
[2026-05-14T11:27:08.579Z] --- LEAD SUBMISSION START (DIRECT SQL) ---
[2026-05-14T11:27:08.580Z] FORM DATA RECEIVED: {"name":"Mr Jack","phone":"8677675437","email":"mrj94926@gmail.com","budget":"50L-1Cr","message":""}
[2026-05-14T11:27:08.582Z] VALIDATING EMAIL: mrj94926@gmail.com
[2026-05-14T11:27:08.590Z] DB WRITE START - Table: leads (with Retries)
[2026-05-14T11:27:08.836Z] DB WRITE SUCCESS
[2026-05-14T11:27:08.837Z] REVALIDATING ADMIN PATH...
[2026-05-14T11:27:08.838Z] --- LEAD SUBMISSION COMPLETE ---
[2026-05-15T06:01:43.186Z] --- LEAD SUBMISSION START (DIRECT SQL) ---
[2026-05-15T06:01:43.191Z] FORM DATA RECEIVED: {"name":"Test Lead","phone":"+919999999999","email":"kayaeliteenclavee@gmail.com","budget":"1Cr-2Cr","message":""}
[2026-05-15T06:01:43.193Z] VALIDATING EMAIL: kayaeliteenclavee@gmail.com
[2026-05-15T06:01:43.210Z] DB WRITE START - Table: leads (with Retries)
[2026-05-15T06:01:43.435Z] DB WRITE SUCCESS
[2026-05-15T06:01:43.437Z] REVALIDATING ADMIN PATH...
[2026-05-15T06:01:43.447Z] --- LEAD SUBMISSION COMPLETE ---
[2026-05-15T06:04:46.731Z] --- LEAD SUBMISSION START (DIRECT SQL) ---
[2026-05-15T06:04:46.734Z] FORM DATA RECEIVED: {"name":"Another Test Lead","phone":"+918888888888","email":"another-lead@example.com","budget":"50L-1Cr","message":""}
[2026-05-15T06:04:46.738Z] VALIDATING EMAIL: another-lead@example.com
[2026-05-15T06:04:46.745Z] DB WRITE START - Table: leads (with Retries)
[2026-05-15T06:04:47.014Z] DB WRITE SUCCESS
[2026-05-15T06:04:47.015Z] REVALIDATING ADMIN PATH...
[2026-05-15T06:04:47.018Z] --- LEAD SUBMISSION COMPLETE ---
